0     47235.5
1     59868.2
2     960448
4     68783.1
5     362429
6     59471.6
7     104796
8     44475.7
9     933412
10     334251
11     23226.4
12     143615
13     201337
14     1.74838e+06
15     963906
16     267314
17     134493
18     21354.5
19     970955
20     622120
21     328802
22     226245
23     471667
24     219342
25     3.80352e+06
26     1.16121e+06
27     2.44268e+06
28     260452
29     266191
30     3.08522e+06
31     2.43426e+06
32     4.69973e+06
33     2.39495e+06
34     1.47909e+06
35     3.26272e+06
36     4.25159e+06
37     6.202e+06
38     2.22768e+06
39     2.6634e+06
40     1.85571e+06
41     3.09206e+06
42     4.28715e+06
43     4.99787e+06
44     1.0327e+06
45     592078
46     234615
47     1.26059e+06
48     442979
49     241927
50     776088
51     5.84792e+06
52     8.21346e+06
53     6.67843e+06
54     212090
55     3.84808e+06
56     2.3937e+07
57     2.90925e+07
58     1.42301e+07
59     6.92641e+06
60     3.69542e+06
61     2.58518e+07
62     1.67685e+07
63     1.67961e+07
64     2.72154e+06
65     8.63838e+06
66     1.27313e+07
67     2.16204e+07
68     1.87132e+07
69     6.66366e+06
70     2.85861e+06
71     5.82054e+06
72     3.64048e+06
73     2.84759e+06
74     4.15345e+06
75     1.56544e+07
76     3.18931e+07
77     3.88482e+07
78     2.49092e+07
79     1.96499e+07
80     3.22663e+07
81     4.3778e+08
82     3.91134e+08
83     4.97599e+08
84     2.90277e+07
85     2.61832e+07
86     3.8881e+08
87     3.3855e+08
88     3.43081e+08
89     2.53348e+07
90     2.53104e+07
91     5.0133e+08
92     3.85456e+08
93     4.87319e+08
94     2.27417e+07
95     2.57622e+07
96     2.47164e+07
97     2.01088e+07
98     2.2252e+07
99     1.63604e+07
100     2.97717e+08
101     3.67519e+08
102     3.63374e+08
103     3.44414e+08
104     3.25311e+08
105     3.42323e+08
106     3.75896e+08
107     3.95331e+08
108     3.65811e+08
109     3.63289e+08
110     3.35705e+08
111     3.98014e+08
112     3.80984e+08
113     3.62312e+08
114     3.39033e+08
115     3.17948e+08
116     3.76737e+08
117     3.95482e+08
118     4.19108e+08
119     3.38355e+08
120     3.01261e+08
121     3.63497e+08
122     3.58505e+08
123     3.32571e+08
124     3.26075e+08
