0     8000
1     18000
2     46000
3     4000
4     12000
5     56000
6     28000
7     55000
8     31000
9     70000
10     43000
11     13000
12     47000
13     42000
14     104000
15     36000
16     48000
17     33000
18     7000
19     60000
20     65000
21     39000
22     39000
23     47000
24     23000
25     157000
26     250000
27     175000
28     120000
29     39000
30     132000
31     284000
32     502000
33     214000
34     123000
35     243000
36     297000
37     344000
38     210000
39     348000
40     191000
41     238000
42     242000
43     276000
44     202000
45     101000
46     100000
47     209000
48     94000
49     44000
50     162000
51     712000
52     1.407e+06
53     783000
54     421000
55     856000
56     1.112e+06
57     1.384e+06
58     870000
59     463000
60     611000
61     1.179e+06
62     1.263e+06
63     1.142e+06
64     681000
65     707000
66     939000
67     1.006e+06
68     965000
69     564000
70     560000
71     935000
72     483000
73     477000
74     217000
75     3.71e+06
76     6.154e+06
77     6.729e+06
78     5.908e+06
79     3.759e+06
80     6.34e+06
81     4.365e+06
82     4.434e+06
83     4.145e+06
84     5.258e+06
85     5.493e+06
86     4.385e+06
87     4.727e+06
88     4.551e+06
89     4.725e+06
90     5.939e+06
91     4.502e+06
92     4.525e+06
93     4.268e+06
94     4.949e+06
95     4.56e+06
96     4.873e+06
97     5.303e+06
98     5.227e+06
99     4.036e+06
100     1.6943e+07
101     2.4319e+07
102     2.1027e+07
103     2.1872e+07
104     1.6072e+07
105     2.1693e+07
106     2.856e+07
107     3.0312e+07
108     2.9449e+07
109     2.3058e+07
110     2.0875e+07
111     2.8235e+07
112     3.1698e+07
113     2.8104e+07
114     2.3244e+07
115     1.9372e+07
116     2.7321e+07
117     3.153e+07
118     3.051e+07
119     2.0708e+07
120     1.5956e+07
121     2.1058e+07
122     2.0961e+07
123     2.2787e+07
124     1.7677e+07
