            ID                         MFD value             Atomic Hits Map value                        Difference              Diff (MFD - MUTEXED)     Diff (ATOM_HIT_MAP - MUTEXED)



Type = EnergyDeposit

             0                47235.486516593373                47235.486516593373                               0.0                               0.0                               0.0    
             1                59868.167859868088                59868.167859868088                               0.0                               0.0                               0.0    
             2               960447.831198002445               960447.831198002561                    1.16415322e-10                    1.16415322e-10                               0.0    
             4                68783.070382447127                68783.070382447127                               0.0                               0.0                               0.0    
             5               362428.999878707575               362428.999878707575                               0.0                               0.0                               0.0    
             6                59471.551498113789                59471.551498113789                               0.0                               0.0                               0.0    
             7               104796.242233710611               104796.242233710611                               0.0                               0.0                               0.0    
             8                44475.727409638901                44475.727409638901                               0.0                               0.0                               0.0    
             9               933412.079103322118               933412.079103322118                               0.0                               0.0                               0.0    
            10               334250.944655892730               334250.944655892730                               0.0                               0.0                               0.0    
            11                23226.382744311188                23226.382744311188                               0.0                               0.0                               0.0    
            12               143615.059973262862               143615.059973262862                               0.0                               0.0                               0.0    
            13               201336.838855052600               201336.838855052658                    5.82076609e-11                    5.82076609e-11                               0.0    
            14              1748381.972801776137              1748381.972801775904                    2.32830644e-10                    2.32830644e-10                               0.0    
            15               963906.371682969388               963906.371682969388                               0.0                               0.0                               0.0    
            16               267313.600871701783               267313.600871701783                               0.0                               0.0                               0.0    
            17               134492.738444222254               134492.738444222254                               0.0                               0.0                               0.0    
            18                21354.516131330547                21354.516131330547                               0.0                               0.0                               0.0    
            19               970955.349141440121               970955.349141440121                               0.0                               0.0                               0.0    
            20               622120.179330976098               622120.179330976214                    1.16415322e-10                    1.16415322e-10                               0.0    
            21               328801.926520487410               328801.926520487410                               0.0                               0.0                               0.0    
            22               226244.998160474584               226244.998160474584                               0.0                               0.0                               0.0    
            23               471667.489619562577               471667.489619562519                    5.82076609e-11                    5.82076609e-11                               0.0    
            24               219342.127623447013               219342.127623447013                               0.0                               0.0                               0.0    
            25              3803518.315032219980              3803518.315032220446                    4.65661287e-10                    4.65661287e-10                               0.0    
            26              1161208.415043436224              1161208.415043436224                               0.0                               0.0                               0.0    
            27              2442683.814556300174              2442683.814556299709                    4.65661287e-10                    4.65661287e-10                               0.0    
            28               260452.206179313711               260452.206179313711                               0.0                               0.0                               0.0    
            29               266190.811769281456               266190.811769281514                    5.82076609e-11                    5.82076609e-11                               0.0    
            30              3085222.505989117548              3085222.505989117548                               0.0                               0.0                               0.0    
            31              2434264.185698989779              2434264.185698989779                               0.0                               0.0                               0.0    
            32              4699731.081940233707              4699731.081940235570                    1.86264515e-09                    1.86264515e-09                               0.0    
            33              2394951.625269221142              2394951.625269221608                    4.65661287e-10                    4.65661287e-10                               0.0    
            34              1479085.381839532871              1479085.381839532871                               0.0                               0.0                               0.0    
            35              3262719.602354983333              3262719.602354983333                               0.0                               0.0                               0.0    
            36              4251589.326320922934              4251589.326320923865                    9.31322575e-10                    9.31322575e-10                               0.0    
            37              6202004.061247968115              6202004.061247969046                    9.31322575e-10                    9.31322575e-10                               0.0    
            38              2227683.504095995799              2227683.504095995799                               0.0                               0.0                               0.0    
            39              2663398.774822668638              2663398.774822668638                               0.0                               0.0                               0.0    
            40              1855712.144477754366              1855712.144477754133                    2.32830644e-10                    2.32830644e-10                               0.0    
            41              3092064.262207205873              3092064.262207205873                               0.0                               0.0                               0.0    
            42              4287145.709462109022              4287145.709462109022                               0.0                               0.0                               0.0    
            43              4997865.299776642583              4997865.299776642583                               0.0                               0.0                               0.0    
            44              1032697.497780891019              1032697.497780891019                               0.0                               0.0                               0.0    
            45               592078.409100549296               592078.409100549296                               0.0                               0.0                               0.0    
            46               234615.069425009249               234615.069425009249                               0.0                               0.0                               0.0    
            47              1260594.058652844746              1260594.058652844746                               0.0                               0.0                               0.0    
            48               442979.453933668963               442979.453933668905                    5.82076609e-11                    5.82076609e-11                               0.0    
            49               241927.303411067784               241927.303411067784                               0.0                               0.0                               0.0    
            50               776088.039520443999               776088.039520443999                               0.0                               0.0                               0.0    
            51              5847915.863113574684              5847915.863113574684                               0.0                               0.0                               0.0    
            52              8213458.175347499549              8213458.175347499549                               0.0                               0.0                               0.0    
            53              6678425.552828111686              6678425.552828113548                    1.86264515e-09                    1.86264515e-09                               0.0    
            54               212090.055684823194               212090.055684823164                    2.91038305e-11                    2.91038305e-11                               0.0    
            55              3848076.571330165491              3848076.571330165491                               0.0                               0.0                               0.0    
            56             23937022.951958544552             23937022.951958537102                    7.45058060e-09                    7.45058060e-09                               0.0    
            57             29092513.473916254938             29092513.473916254938                               0.0                               0.0                               0.0    
            58             14230069.212128425017             14230069.212128430605                    5.58793545e-09                    5.58793545e-09                               0.0    
            59              6926407.337945446372              6926407.337945446372                               0.0                               0.0                               0.0    
            60              3695423.534882838372              3695423.534882837441                    9.31322575e-10                    9.31322575e-10                               0.0    
            61             25851841.305808607489             25851841.305808603764                    3.72529030e-09                    3.72529030e-09                               0.0    
            62             16768500.886809606105             16768500.886809606105                               0.0                               0.0                               0.0    
            63             16796078.493103872985             16796078.493103880435                    7.45058060e-09                    7.45058060e-09                               0.0    
            64              2721538.141197071876              2721538.141197071411                    4.65661287e-10                    4.65661287e-10                               0.0    
            65              8638377.219663755968              8638377.219663755968                               0.0                               0.0                               0.0    
            66             12731340.335254725069             12731340.335254726931                    1.86264515e-09                    1.86264515e-09                               0.0    
            67             21620426.827402278781             21620426.827402278781                               0.0                               0.0                               0.0    
            68             18713234.429233271629             18713234.429233271629                               0.0                               0.0                               0.0    
            69              6663660.985533775762              6663660.985533776693                    9.31322575e-10                    9.31322575e-10                               0.0    
            70              2858609.237165970728              2858609.237165970728                               0.0                               0.0                               0.0    
            71              5820540.838669061661              5820540.838669060729                    9.31322575e-10                    9.31322575e-10                               0.0    
            72              3640483.324087483343              3640483.324087483343                               0.0                               0.0                               0.0    
            73              2847590.272183223162              2847590.272183222231                    9.31322575e-10                    9.31322575e-10                               0.0    
            74              4153448.071928145364              4153448.071928145364                               0.0                               0.0                               0.0    
            75             15654367.986119080335             15654367.986119074747                    5.58793545e-09                    5.58793545e-09                               0.0    
            76             31893140.527610406280             31893140.527610421181                    1.49011612e-08                    1.49011612e-08                               0.0    
            77             38848188.535743519664             38848188.535743527114                    7.45058060e-09                    7.45058060e-09                               0.0    
            78             24909158.581687588245             24909158.581687595695                    7.45058060e-09                    7.45058060e-09                               0.0    
            79             19649943.956191912293             19649943.956191916019                    3.72529030e-09                    3.72529030e-09                               0.0    
            80             32266267.247103296220             32266267.247103296220                               0.0                               0.0                               0.0    
            81            437779613.742297649384            437779613.742297708988                    5.96046448e-08                    5.96046448e-08                               0.0    
            82            391133575.994027316570            391133575.994027197361                    1.19209290e-07                    1.19209290e-07                               0.0    
            83            497598526.011614441872            497598526.011614680290                    2.38418579e-07                    2.38418579e-07                               0.0    
            84             29027707.964750334620             29027707.964750356972                    2.23517418e-08                    2.23517418e-08                               0.0    
            85             26183232.117494713515             26183232.117494706064                    7.45058060e-09                    7.45058060e-09                               0.0    
            86            388810020.360335111618            388810020.360335171223                    5.96046448e-08                    5.96046448e-08                               0.0    
            87            338550269.405763685703            338550269.405763804913                    1.19209290e-07                    1.19209290e-07                               0.0    
            88            343080557.357303977013            343080557.357303857803                    1.19209290e-07                    1.19209290e-07                               0.0    
            89             25334833.226524412632             25334833.226524423808                    1.11758709e-08                    1.11758709e-08                               0.0    
            90             25310414.119968291372             25310414.119968283921                    7.45058060e-09                    7.45058060e-09                               0.0    
            91            501329684.116544365883            501329684.116544306278                    5.96046448e-08                    5.96046448e-08                               0.0    
            92            385455520.052781999111            385455520.052781999111                               0.0                               0.0                               0.0    
            93            487319283.255791127682            487319283.255790948868                    1.78813934e-07                    1.78813934e-07                               0.0    
            94             22741665.107201553881             22741665.107201546431                    7.45058060e-09                    7.45058060e-09                               0.0    
            95             25762170.264712054282             25762170.264712061733                    7.45058060e-09                    7.45058060e-09                               0.0    
            96             24716370.526339642704             24716370.526339638978                    3.72529030e-09                    3.72529030e-09                               0.0    
            97             20108774.990166492760             20108774.990166500211                    7.45058060e-09                    7.45058060e-09                               0.0    
            98             22252017.148528274149             22252017.148528270423                    3.72529030e-09                    3.72529030e-09                               0.0    
            99             16360394.547505198047             16360394.547505198047                               0.0                               0.0                               0.0    
           100            297716850.241076469421            297716850.241076231003                    2.38418579e-07                    2.38418579e-07                               0.0    
           101            367518780.549616932869            367518780.549617171288                    2.38418579e-07                    2.38418579e-07                               0.0    
           102            363373994.585888803005            363373994.585888743401                    5.96046448e-08                    5.96046448e-08                               0.0    
           103            344413537.320109903812            344413537.320110023022                    1.19209290e-07                    1.19209290e-07                               0.0    
           104            325310842.053874135017            325310842.053874075413                    5.96046448e-08                    5.96046448e-08                               0.0    
           105            342322746.716304361820            342322746.716304481030                    1.19209290e-07                    1.19209290e-07                               0.0    
           106            375895722.518228292465            375895722.518227994442                    2.98023224e-07                    2.98023224e-07                               0.0    
           107            395330723.365669548512            395330723.365669488907                    5.96046448e-08                    5.96046448e-08                               0.0    
           108            365810884.108702421188            365810884.108702123165                    2.98023224e-07                    2.98023224e-07                               0.0    
           109            363288904.118066370487            363288904.118066370487                               0.0                               0.0                               0.0    
           110            335705442.488799929619            335705442.488799870014                    5.96046448e-08                    5.96046448e-08                               0.0    
           111            398013827.780058205128            398013827.780058026314                    1.78813934e-07                    1.78813934e-07                               0.0    
           112            380983997.427990317345            380983997.427989900112                    4.17232513e-07                    4.17232513e-07                               0.0    
           113            362311659.082520604134            362311659.082520842552                    2.38418579e-07                    2.38418579e-07                               0.0    
           114            339033125.098427534103            339033125.098427772522                    2.38418579e-07                    2.38418579e-07                               0.0    
           115            317948009.447411894798            317948009.447412073612                    1.78813934e-07                    1.78813934e-07                               0.0    
           116            376737319.808694481850            376737319.808694303036                    1.78813934e-07                    1.78813934e-07                               0.0    
           117            395481935.499327480793            395481935.499327778816                    2.98023224e-07                    2.98023224e-07                               0.0    
           118            419107640.994883418083            419107640.994882941246                    4.76837158e-07                    4.76837158e-07                               0.0    
           119            338354619.459969282150            338354619.459969460964                    1.78813934e-07                    1.78813934e-07                               0.0    
           120            301261123.641463220119            301261123.641463458538                    2.38418579e-07                    2.38418579e-07                               0.0    
           121            363497055.768949985504            363497055.768949866295                    1.19209290e-07                    1.19209290e-07                               0.0    
           122            358504975.112174451351            358504975.112174570560                    1.19209290e-07                    1.19209290e-07                               0.0    
           123            332570719.810500621796            332570719.810500383377                    2.38418579e-07                    2.38418579e-07                               0.0    
           124            326075307.820413410664            326075307.820413410664                               0.0                               0.0                               0.0    


Type = NumberOfSteps

             0                 8000.000000000000                 8000.000000000000                               0.0                               0.0                               0.0    
             1                18000.000000000000                18000.000000000000                               0.0                               0.0                               0.0    
             2                46000.000000000000                46000.000000000000                               0.0                               0.0                               0.0    
             3                 4000.000000000000                 4000.000000000000                               0.0                               0.0                               0.0    
             4                12000.000000000000                12000.000000000000                               0.0                               0.0                               0.0    
             5                56000.000000000000                56000.000000000000                               0.0                               0.0                               0.0    
             6                28000.000000000000                28000.000000000000                               0.0                               0.0                               0.0    
             7                55000.000000000000                55000.000000000000                               0.0                               0.0                               0.0    
             8                31000.000000000000                31000.000000000000                               0.0                               0.0                               0.0    
             9                70000.000000000000                70000.000000000000                               0.0                               0.0                               0.0    
            10                43000.000000000000                43000.000000000000                               0.0                               0.0                               0.0    
            11                13000.000000000000                13000.000000000000                               0.0                               0.0                               0.0    
            12                47000.000000000000                47000.000000000000                               0.0                               0.0                               0.0    
            13                42000.000000000000                42000.000000000000                               0.0                               0.0                               0.0    
            14               104000.000000000000               104000.000000000000                               0.0                               0.0                               0.0    
            15                36000.000000000000                36000.000000000000                               0.0                               0.0                               0.0    
            16                48000.000000000000                48000.000000000000                               0.0                               0.0                               0.0    
            17                33000.000000000000                33000.000000000000                               0.0                               0.0                               0.0    
            18                 7000.000000000000                 7000.000000000000                               0.0                               0.0                               0.0    
            19                60000.000000000000                60000.000000000000                               0.0                               0.0                               0.0    
            20                65000.000000000000                65000.000000000000                               0.0                               0.0                               0.0    
            21                39000.000000000000                39000.000000000000                               0.0                               0.0                               0.0    
            22                39000.000000000000                39000.000000000000                               0.0                               0.0                               0.0    
            23                47000.000000000000                47000.000000000000                               0.0                               0.0                               0.0    
            24                23000.000000000000                23000.000000000000                               0.0                               0.0                               0.0    
            25               157000.000000000000               157000.000000000000                               0.0                               0.0                               0.0    
            26               250000.000000000000               250000.000000000000                               0.0                               0.0                               0.0    
            27               175000.000000000000               175000.000000000000                               0.0                               0.0                               0.0    
            28               120000.000000000000               120000.000000000000                               0.0                               0.0                               0.0    
            29                39000.000000000000                39000.000000000000                               0.0                               0.0                               0.0    
            30               132000.000000000000               132000.000000000000                               0.0                               0.0                               0.0    
            31               284000.000000000000               284000.000000000000                               0.0                               0.0                               0.0    
            32               502000.000000000000               502000.000000000000                               0.0                               0.0                               0.0    
            33               214000.000000000000               214000.000000000000                               0.0                               0.0                               0.0    
            34               123000.000000000000               123000.000000000000                               0.0                               0.0                               0.0    
            35               243000.000000000000               243000.000000000000                               0.0                               0.0                               0.0    
            36               297000.000000000000               297000.000000000000                               0.0                               0.0                               0.0    
            37               344000.000000000000               344000.000000000000                               0.0                               0.0                               0.0    
            38               210000.000000000000               210000.000000000000                               0.0                               0.0                               0.0    
            39               348000.000000000000               348000.000000000000                               0.0                               0.0                               0.0    
            40               191000.000000000000               191000.000000000000                               0.0                               0.0                               0.0    
            41               238000.000000000000               238000.000000000000                               0.0                               0.0                               0.0    
            42               242000.000000000000               242000.000000000000                               0.0                               0.0                               0.0    
            43               276000.000000000000               276000.000000000000                               0.0                               0.0                               0.0    
            44               202000.000000000000               202000.000000000000                               0.0                               0.0                               0.0    
            45               101000.000000000000               101000.000000000000                               0.0                               0.0                               0.0    
            46               100000.000000000000               100000.000000000000                               0.0                               0.0                               0.0    
            47               209000.000000000000               209000.000000000000                               0.0                               0.0                               0.0    
            48                94000.000000000000                94000.000000000000                               0.0                               0.0                               0.0    
            49                44000.000000000000                44000.000000000000                               0.0                               0.0                               0.0    
            50               162000.000000000000               162000.000000000000                               0.0                               0.0                               0.0    
            51               712000.000000000000               712000.000000000000                               0.0                               0.0                               0.0    
            52              1407000.000000000000              1407000.000000000000                               0.0                               0.0                               0.0    
            53               783000.000000000000               783000.000000000000                               0.0                               0.0                               0.0    
            54               421000.000000000000               421000.000000000000                               0.0                               0.0                               0.0    
            55               856000.000000000000               856000.000000000000                               0.0                               0.0                               0.0    
            56              1112000.000000000000              1112000.000000000000                               0.0                               0.0                               0.0    
            57              1384000.000000000000              1384000.000000000000                               0.0                               0.0                               0.0    
            58               870000.000000000000               870000.000000000000                               0.0                               0.0                               0.0    
            59               463000.000000000000               463000.000000000000                               0.0                               0.0                               0.0    
            60               611000.000000000000               611000.000000000000                               0.0                               0.0                               0.0    
            61              1179000.000000000000              1179000.000000000000                               0.0                               0.0                               0.0    
            62              1263000.000000000000              1263000.000000000000                               0.0                               0.0                               0.0    
            63              1142000.000000000000              1142000.000000000000                               0.0                               0.0                               0.0    
            64               681000.000000000000               681000.000000000000                               0.0                               0.0                               0.0    
            65               707000.000000000000               707000.000000000000                               0.0                               0.0                               0.0    
            66               939000.000000000000               939000.000000000000                               0.0                               0.0                               0.0    
            67              1006000.000000000000              1006000.000000000000                               0.0                               0.0                               0.0    
            68               965000.000000000000               965000.000000000000                               0.0                               0.0                               0.0    
            69               564000.000000000000               564000.000000000000                               0.0                               0.0                               0.0    
            70               560000.000000000000               560000.000000000000                               0.0                               0.0                               0.0    
            71               935000.000000000000               935000.000000000000                               0.0                               0.0                               0.0    
            72               483000.000000000000               483000.000000000000                               0.0                               0.0                               0.0    
            73               477000.000000000000               477000.000000000000                               0.0                               0.0                               0.0    
            74               217000.000000000000               217000.000000000000                               0.0                               0.0                               0.0    
            75              3710000.000000000000              3710000.000000000000                               0.0                               0.0                               0.0    
            76              6154000.000000000000              6154000.000000000000                               0.0                               0.0                               0.0    
            77              6729000.000000000000              6729000.000000000000                               0.0                               0.0                               0.0    
            78              5908000.000000000000              5908000.000000000000                               0.0                               0.0                               0.0    
            79              3759000.000000000000              3759000.000000000000                               0.0                               0.0                               0.0    
            80              6340000.000000000000              6340000.000000000000                               0.0                               0.0                               0.0    
            81              4365000.000000000000              4365000.000000000000                               0.0                               0.0                               0.0    
            82              4434000.000000000000              4434000.000000000000                               0.0                               0.0                               0.0    
            83              4145000.000000000000              4145000.000000000000                               0.0                               0.0                               0.0    
            84              5258000.000000000000              5258000.000000000000                               0.0                               0.0                               0.0    
            85              5493000.000000000000              5493000.000000000000                               0.0                               0.0                               0.0    
            86              4385000.000000000000              4385000.000000000000                               0.0                               0.0                               0.0    
            87              4727000.000000000000              4727000.000000000000                               0.0                               0.0                               0.0    
            88              4551000.000000000000              4551000.000000000000                               0.0                               0.0                               0.0    
            89              4725000.000000000000              4725000.000000000000                               0.0                               0.0                               0.0    
            90              5939000.000000000000              5939000.000000000000                               0.0                               0.0                               0.0    
            91              4502000.000000000000              4502000.000000000000                               0.0                               0.0                               0.0    
            92              4525000.000000000000              4525000.000000000000                               0.0                               0.0                               0.0    
            93              4268000.000000000000              4268000.000000000000                               0.0                               0.0                               0.0    
            94              4949000.000000000000              4949000.000000000000                               0.0                               0.0                               0.0    
            95              4560000.000000000000              4560000.000000000000                               0.0                               0.0                               0.0    
            96              4873000.000000000000              4873000.000000000000                               0.0                               0.0                               0.0    
            97              5303000.000000000000              5303000.000000000000                               0.0                               0.0                               0.0    
            98              5227000.000000000000              5227000.000000000000                               0.0                               0.0                               0.0    
            99              4036000.000000000000              4036000.000000000000                               0.0                               0.0                               0.0    
           100             16943000.000000000000             16943000.000000000000                               0.0                               0.0                               0.0    
           101             24319000.000000000000             24319000.000000000000                               0.0                               0.0                               0.0    
           102             21027000.000000000000             21027000.000000000000                               0.0                               0.0                               0.0    
           103             21872000.000000000000             21872000.000000000000                               0.0                               0.0                               0.0    
           104             16072000.000000000000             16072000.000000000000                               0.0                               0.0                               0.0    
           105             21693000.000000000000             21693000.000000000000                               0.0                               0.0                               0.0    
           106             28560000.000000000000             28560000.000000000000                               0.0                               0.0                               0.0    
           107             30312000.000000000000             30312000.000000000000                               0.0                               0.0                               0.0    
           108             29449000.000000000000             29449000.000000000000                               0.0                               0.0                               0.0    
           109             23058000.000000000000             23058000.000000000000                               0.0                               0.0                               0.0    
           110             20875000.000000000000             20875000.000000000000                               0.0                               0.0                               0.0    
           111             28235000.000000000000             28235000.000000000000                               0.0                               0.0                               0.0    
           112             31698000.000000000000             31698000.000000000000                               0.0                               0.0                               0.0    
           113             28104000.000000000000             28104000.000000000000                               0.0                               0.0                               0.0    
           114             23244000.000000000000             23244000.000000000000                               0.0                               0.0                               0.0    
           115             19372000.000000000000             19372000.000000000000                               0.0                               0.0                               0.0    
           116             27321000.000000000000             27321000.000000000000                               0.0                               0.0                               0.0    
           117             31530000.000000000000             31530000.000000000000                               0.0                               0.0                               0.0    
           118             30510000.000000000000             30510000.000000000000                               0.0                               0.0                               0.0    
           119             20708000.000000000000             20708000.000000000000                               0.0                               0.0                               0.0    
           120             15956000.000000000000             15956000.000000000000                               0.0                               0.0                               0.0    
           121             21058000.000000000000             21058000.000000000000                               0.0                               0.0                               0.0    
           122             20961000.000000000000             20961000.000000000000                               0.0                               0.0                               0.0    
           123             22787000.000000000000             22787000.000000000000                               0.0                               0.0                               0.0    
           124             17677000.000000000000             17677000.000000000000                               0.0                               0.0                               0.0    
